CRITICAL - 2022-05-23 09:44:24 --> Invalid file: CV-Yoga.php
#0 C:\xampp\htdocs\MyProject\system\View\View.php(198): CodeIgniter\Exceptions\FrameworkException::forInvalidFile('CV-Yoga.php')
#1 C:\xampp\htdocs\MyProject\system\Common.php(1089): CodeIgniter\View\View->render('CV-Yoga', Array, true)
#2 C:\xampp\htdocs\MyProject\app\Controllers\User.php(7): view('CV-Yoga', Array)
#3 C:\xampp\htdocs\MyProject\system\CodeIgniter.php(832): App\Controllers\User->index()
#4 C:\xampp\htdocs\MyProject\system\CodeIgniter.php(419): CodeIgniter\CodeIgniter->runController(Object(App\Controllers\User))
#5 C:\xampp\htdocs\MyProject\system\CodeIgniter.php(326): CodeIgniter\CodeIgniter->handleRequest(NULL, Object(Config\Cache), false)
#6 C:\xampp\htdocs\MyProject\public\index.php(37): CodeIgniter\CodeIgniter->run()
#7 C:\xampp\htdocs\MyProject\system\Commands\Server\rewrite.php(43): require_once('C:\\xampp\\htdocs...')
#8 {main}
CRITICAL - 2022-05-23 09:44:41 --> Invalid file: CV-Yoga.php
#0 C:\xampp\htdocs\MyProject\system\View\View.php(198): CodeIgniter\Exceptions\FrameworkException::forInvalidFile('CV-Yoga.php')
#1 C:\xampp\htdocs\MyProject\system\Common.php(1089): CodeIgniter\View\View->render('CV-Yoga', Array, true)
#2 C:\xampp\htdocs\MyProject\app\Controllers\User.php(7): view('CV-Yoga', Array)
#3 C:\xampp\htdocs\MyProject\system\CodeIgniter.php(832): App\Controllers\User->index()
#4 C:\xampp\htdocs\MyProject\system\CodeIgniter.php(419): CodeIgniter\CodeIgniter->runController(Object(App\Controllers\User))
#5 C:\xampp\htdocs\MyProject\system\CodeIgniter.php(326): CodeIgniter\CodeIgniter->handleRequest(NULL, Object(Config\Cache), false)
#6 C:\xampp\htdocs\MyProject\public\index.php(37): CodeIgniter\CodeIgniter->run()
#7 C:\xampp\htdocs\MyProject\system\Commands\Server\rewrite.php(43): require_once('C:\\xampp\\htdocs...')
#8 {main}
CRITICAL - 2022-05-23 09:45:02 --> Invalid file: CV-Yoga.php
#0 C:\xampp\htdocs\MyProject\system\View\View.php(198): CodeIgniter\Exceptions\FrameworkException::forInvalidFile('CV-Yoga.php')
#1 C:\xampp\htdocs\MyProject\system\Common.php(1089): CodeIgniter\View\View->render('CV-Yoga', Array, true)
#2 C:\xampp\htdocs\MyProject\app\Controllers\User.php(7): view('CV-Yoga', Array)
#3 C:\xampp\htdocs\MyProject\system\CodeIgniter.php(832): App\Controllers\User->index()
#4 C:\xampp\htdocs\MyProject\system\CodeIgniter.php(419): CodeIgniter\CodeIgniter->runController(Object(App\Controllers\User))
#5 C:\xampp\htdocs\MyProject\system\CodeIgniter.php(326): CodeIgniter\CodeIgniter->handleRequest(NULL, Object(Config\Cache), false)
#6 C:\xampp\htdocs\MyProject\public\index.php(37): CodeIgniter\CodeIgniter->run()
#7 C:\xampp\htdocs\MyProject\system\Commands\Server\rewrite.php(43): require_once('C:\\xampp\\htdocs...')
#8 {main}
