ERROR - 2022-06-18 20:18:10 --> Error connecting to the database: No connection could be made because the target machine actively refused it
CRITICAL - 2022-06-18 20:18:10 --> Unable to connect to the database.
Main connection [MySQLi]: No connection could be made because the target machine actively refused it
#0 C:\xampp\htdocs\MyProject\system\Database\BaseConnection.php(577): CodeIgniter\Database\BaseConnection->initialize()
#1 C:\xampp\htdocs\MyProject\system\Database\BaseBuilder.php(1455): CodeIgniter\Database\BaseConnection->query('SELECT *\nFROM `...', Array, false)
#2 C:\xampp\htdocs\MyProject\system\Model.php(210): CodeIgniter\Database\BaseBuilder->get()
#3 C:\xampp\htdocs\MyProject\system\BaseModel.php(622): CodeIgniter\Model->doFirst()
#4 C:\xampp\htdocs\MyProject\app\Controllers\User.php(13): CodeIgniter\BaseModel->first()
#5 C:\xampp\htdocs\MyProject\system\CodeIgniter.php(832): App\Controllers\User->index()
#6 C:\xampp\htdocs\MyProject\system\CodeIgniter.php(419): CodeIgniter\CodeIgniter->runController(Object(App\Controllers\User))
#7 C:\xampp\htdocs\MyProject\system\CodeIgniter.php(326): CodeIgniter\CodeIgniter->handleRequest(NULL, Object(Config\Cache), false)
#8 C:\xampp\htdocs\MyProject\public\index.php(37): CodeIgniter\CodeIgniter->run()
#9 C:\xampp\htdocs\MyProject\system\Commands\Server\rewrite.php(43): require_once('C:\\xampp\\htdocs...')
#10 {main}
ERROR - 2022-06-18 20:18:37 --> Error connecting to the database: No connection could be made because the target machine actively refused it
CRITICAL - 2022-06-18 20:18:37 --> Unable to connect to the database.
Main connection [MySQLi]: No connection could be made because the target machine actively refused it
#0 C:\xampp\htdocs\MyProject\system\Database\BaseConnection.php(577): CodeIgniter\Database\BaseConnection->initialize()
#1 C:\xampp\htdocs\MyProject\system\Database\BaseBuilder.php(1455): CodeIgniter\Database\BaseConnection->query('SELECT *\nFROM `...', Array, false)
#2 C:\xampp\htdocs\MyProject\system\Model.php(210): CodeIgniter\Database\BaseBuilder->get()
#3 C:\xampp\htdocs\MyProject\system\BaseModel.php(622): CodeIgniter\Model->doFirst()
#4 C:\xampp\htdocs\MyProject\app\Controllers\auth.php(20): CodeIgniter\BaseModel->first()
#5 C:\xampp\htdocs\MyProject\system\CodeIgniter.php(832): App\Controllers\auth->index()
#6 C:\xampp\htdocs\MyProject\system\CodeIgniter.php(419): CodeIgniter\CodeIgniter->runController(Object(App\Controllers\auth))
#7 C:\xampp\htdocs\MyProject\system\CodeIgniter.php(326): CodeIgniter\CodeIgniter->handleRequest(NULL, Object(Config\Cache), false)
#8 C:\xampp\htdocs\MyProject\public\index.php(37): CodeIgniter\CodeIgniter->run()
#9 C:\xampp\htdocs\MyProject\system\Commands\Server\rewrite.php(43): require_once('C:\\xampp\\htdocs...')
#10 {main}
CRITICAL - 2022-06-18 20:20:45 --> Array callback must have exactly two elements
#0 C:\xampp\htdocs\MyProject\system\CodeIgniter.php(832): App\Controllers\User->get_edit('2')
#1 C:\xampp\htdocs\MyProject\system\CodeIgniter.php(419): CodeIgniter\CodeIgniter->runController(Object(App\Controllers\User))
#2 C:\xampp\htdocs\MyProject\system\CodeIgniter.php(326): CodeIgniter\CodeIgniter->handleRequest(NULL, Object(Config\Cache), false)
#3 C:\xampp\htdocs\MyProject\public\index.php(37): CodeIgniter\CodeIgniter->run()
#4 C:\xampp\htdocs\MyProject\system\Commands\Server\rewrite.php(43): require_once('C:\\xampp\\htdocs...')
#5 {main}
ERROR - 2022-06-18 20:21:59 --> Column 'Jabatan' cannot be null
CRITICAL - 2022-06-18 20:21:59 --> Column 'Jabatan' cannot be null
#0 C:\xampp\htdocs\MyProject\system\Database\MySQLi\Connection.php(292): mysqli->query('INSERT INTO `cu...', 0)
#1 C:\xampp\htdocs\MyProject\system\Database\BaseConnection.php(670): CodeIgniter\Database\MySQLi\Connection->execute('INSERT INTO `cu...')
#2 C:\xampp\htdocs\MyProject\system\Database\BaseConnection.php(598): CodeIgniter\Database\BaseConnection->simpleQuery('INSERT INTO `cu...')
#3 C:\xampp\htdocs\MyProject\system\Database\BaseBuilder.php(1771): CodeIgniter\Database\BaseConnection->query('INSERT INTO `cu...', Array, false)
#4 C:\xampp\htdocs\MyProject\system\Model.php(239): CodeIgniter\Database\BaseBuilder->insert()
#5 C:\xampp\htdocs\MyProject\system\BaseModel.php(738): CodeIgniter\Model->doInsert(Array)
#6 C:\xampp\htdocs\MyProject\system\Model.php(625): CodeIgniter\BaseModel->insert(Array, true)
#7 C:\xampp\htdocs\MyProject\app\Controllers\User.php(154): CodeIgniter\Model->insert(Array)
#8 C:\xampp\htdocs\MyProject\system\CodeIgniter.php(832): App\Controllers\User->update()
#9 C:\xampp\htdocs\MyProject\system\CodeIgniter.php(419): CodeIgniter\CodeIgniter->runController(Object(App\Controllers\User))
#10 C:\xampp\htdocs\MyProject\system\CodeIgniter.php(326): CodeIgniter\CodeIgniter->handleRequest(NULL, Object(Config\Cache), false)
#11 C:\xampp\htdocs\MyProject\public\index.php(37): CodeIgniter\CodeIgniter->run()
#12 C:\xampp\htdocs\MyProject\system\Commands\Server\rewrite.php(43): require_once('C:\\xampp\\htdocs...')
#13 {main}
ERROR - 2022-06-18 20:22:19 --> Column 'Jabatan' cannot be null
CRITICAL - 2022-06-18 20:22:19 --> Column 'Jabatan' cannot be null
#0 C:\xampp\htdocs\MyProject\system\Database\MySQLi\Connection.php(292): mysqli->query('INSERT INTO `cu...', 0)
#1 C:\xampp\htdocs\MyProject\system\Database\BaseConnection.php(670): CodeIgniter\Database\MySQLi\Connection->execute('INSERT INTO `cu...')
#2 C:\xampp\htdocs\MyProject\system\Database\BaseConnection.php(598): CodeIgniter\Database\BaseConnection->simpleQuery('INSERT INTO `cu...')
#3 C:\xampp\htdocs\MyProject\system\Database\BaseBuilder.php(1771): CodeIgniter\Database\BaseConnection->query('INSERT INTO `cu...', Array, false)
#4 C:\xampp\htdocs\MyProject\system\Model.php(239): CodeIgniter\Database\BaseBuilder->insert()
#5 C:\xampp\htdocs\MyProject\system\BaseModel.php(738): CodeIgniter\Model->doInsert(Array)
#6 C:\xampp\htdocs\MyProject\system\Model.php(625): CodeIgniter\BaseModel->insert(Array, true)
#7 C:\xampp\htdocs\MyProject\app\Controllers\User.php(154): CodeIgniter\Model->insert(Array)
#8 C:\xampp\htdocs\MyProject\system\CodeIgniter.php(832): App\Controllers\User->update()
#9 C:\xampp\htdocs\MyProject\system\CodeIgniter.php(419): CodeIgniter\CodeIgniter->runController(Object(App\Controllers\User))
#10 C:\xampp\htdocs\MyProject\system\CodeIgniter.php(326): CodeIgniter\CodeIgniter->handleRequest(NULL, Object(Config\Cache), false)
#11 C:\xampp\htdocs\MyProject\public\index.php(37): CodeIgniter\CodeIgniter->run()
#12 C:\xampp\htdocs\MyProject\system\Commands\Server\rewrite.php(43): require_once('C:\\xampp\\htdocs...')
#13 {main}
ERROR - 2022-06-18 20:23:23 --> Column 'Jabatan' cannot be null
CRITICAL - 2022-06-18 20:23:23 --> Column 'Jabatan' cannot be null
#0 C:\xampp\htdocs\MyProject\system\Database\MySQLi\Connection.php(292): mysqli->query('INSERT INTO `cu...', 0)
#1 C:\xampp\htdocs\MyProject\system\Database\BaseConnection.php(670): CodeIgniter\Database\MySQLi\Connection->execute('INSERT INTO `cu...')
#2 C:\xampp\htdocs\MyProject\system\Database\BaseConnection.php(598): CodeIgniter\Database\BaseConnection->simpleQuery('INSERT INTO `cu...')
#3 C:\xampp\htdocs\MyProject\system\Database\BaseBuilder.php(1771): CodeIgniter\Database\BaseConnection->query('INSERT INTO `cu...', Array, false)
#4 C:\xampp\htdocs\MyProject\system\Model.php(239): CodeIgniter\Database\BaseBuilder->insert()
#5 C:\xampp\htdocs\MyProject\system\BaseModel.php(738): CodeIgniter\Model->doInsert(Array)
#6 C:\xampp\htdocs\MyProject\system\Model.php(625): CodeIgniter\BaseModel->insert(Array, true)
#7 C:\xampp\htdocs\MyProject\app\Controllers\User.php(154): CodeIgniter\Model->insert(Array)
#8 C:\xampp\htdocs\MyProject\system\CodeIgniter.php(832): App\Controllers\User->update()
#9 C:\xampp\htdocs\MyProject\system\CodeIgniter.php(419): CodeIgniter\CodeIgniter->runController(Object(App\Controllers\User))
#10 C:\xampp\htdocs\MyProject\system\CodeIgniter.php(326): CodeIgniter\CodeIgniter->handleRequest(NULL, Object(Config\Cache), false)
#11 C:\xampp\htdocs\MyProject\public\index.php(37): CodeIgniter\CodeIgniter->run()
#12 C:\xampp\htdocs\MyProject\system\Commands\Server\rewrite.php(43): require_once('C:\\xampp\\htdocs...')
#13 {main}
ERROR - 2022-06-18 20:23:42 --> Column 'Jabatan' cannot be null
CRITICAL - 2022-06-18 20:23:42 --> Column 'Jabatan' cannot be null
#0 C:\xampp\htdocs\MyProject\system\Database\MySQLi\Connection.php(292): mysqli->query('INSERT INTO `cu...', 0)
#1 C:\xampp\htdocs\MyProject\system\Database\BaseConnection.php(670): CodeIgniter\Database\MySQLi\Connection->execute('INSERT INTO `cu...')
#2 C:\xampp\htdocs\MyProject\system\Database\BaseConnection.php(598): CodeIgniter\Database\BaseConnection->simpleQuery('INSERT INTO `cu...')
#3 C:\xampp\htdocs\MyProject\system\Database\BaseBuilder.php(1771): CodeIgniter\Database\BaseConnection->query('INSERT INTO `cu...', Array, false)
#4 C:\xampp\htdocs\MyProject\system\Model.php(239): CodeIgniter\Database\BaseBuilder->insert()
#5 C:\xampp\htdocs\MyProject\system\BaseModel.php(738): CodeIgniter\Model->doInsert(Array)
#6 C:\xampp\htdocs\MyProject\system\Model.php(625): CodeIgniter\BaseModel->insert(Array, true)
#7 C:\xampp\htdocs\MyProject\app\Controllers\User.php(154): CodeIgniter\Model->insert(Array)
#8 C:\xampp\htdocs\MyProject\system\CodeIgniter.php(832): App\Controllers\User->update()
#9 C:\xampp\htdocs\MyProject\system\CodeIgniter.php(419): CodeIgniter\CodeIgniter->runController(Object(App\Controllers\User))
#10 C:\xampp\htdocs\MyProject\system\CodeIgniter.php(326): CodeIgniter\CodeIgniter->handleRequest(NULL, Object(Config\Cache), false)
#11 C:\xampp\htdocs\MyProject\public\index.php(37): CodeIgniter\CodeIgniter->run()
#12 C:\xampp\htdocs\MyProject\system\Commands\Server\rewrite.php(43): require_once('C:\\xampp\\htdocs...')
#13 {main}
ERROR - 2022-06-18 20:26:40 --> Column 'Jabatan' cannot be null
CRITICAL - 2022-06-18 20:26:40 --> Column 'Jabatan' cannot be null
#0 C:\xampp\htdocs\MyProject\system\Database\MySQLi\Connection.php(292): mysqli->query('INSERT INTO `cu...', 0)
#1 C:\xampp\htdocs\MyProject\system\Database\BaseConnection.php(670): CodeIgniter\Database\MySQLi\Connection->execute('INSERT INTO `cu...')
#2 C:\xampp\htdocs\MyProject\system\Database\BaseConnection.php(598): CodeIgniter\Database\BaseConnection->simpleQuery('INSERT INTO `cu...')
#3 C:\xampp\htdocs\MyProject\system\Database\BaseBuilder.php(1771): CodeIgniter\Database\BaseConnection->query('INSERT INTO `cu...', Array, false)
#4 C:\xampp\htdocs\MyProject\system\Model.php(239): CodeIgniter\Database\BaseBuilder->insert()
#5 C:\xampp\htdocs\MyProject\system\BaseModel.php(738): CodeIgniter\Model->doInsert(Array)
#6 C:\xampp\htdocs\MyProject\system\Model.php(625): CodeIgniter\BaseModel->insert(Array, true)
#7 C:\xampp\htdocs\MyProject\app\Controllers\User.php(154): CodeIgniter\Model->insert(Array)
#8 C:\xampp\htdocs\MyProject\system\CodeIgniter.php(832): App\Controllers\User->update()
#9 C:\xampp\htdocs\MyProject\system\CodeIgniter.php(419): CodeIgniter\CodeIgniter->runController(Object(App\Controllers\User))
#10 C:\xampp\htdocs\MyProject\system\CodeIgniter.php(326): CodeIgniter\CodeIgniter->handleRequest(NULL, Object(Config\Cache), false)
#11 C:\xampp\htdocs\MyProject\public\index.php(37): CodeIgniter\CodeIgniter->run()
#12 C:\xampp\htdocs\MyProject\system\Commands\Server\rewrite.php(43): require_once('C:\\xampp\\htdocs...')
#13 {main}
ERROR - 2022-06-18 20:31:36 --> Column 'Jabatan' cannot be null
CRITICAL - 2022-06-18 20:31:36 --> Column 'Jabatan' cannot be null
#0 C:\xampp\htdocs\MyProject\system\Database\MySQLi\Connection.php(292): mysqli->query('INSERT INTO `cu...', 0)
#1 C:\xampp\htdocs\MyProject\system\Database\BaseConnection.php(670): CodeIgniter\Database\MySQLi\Connection->execute('INSERT INTO `cu...')
#2 C:\xampp\htdocs\MyProject\system\Database\BaseConnection.php(598): CodeIgniter\Database\BaseConnection->simpleQuery('INSERT INTO `cu...')
#3 C:\xampp\htdocs\MyProject\system\Database\BaseBuilder.php(1771): CodeIgniter\Database\BaseConnection->query('INSERT INTO `cu...', Array, false)
#4 C:\xampp\htdocs\MyProject\system\Model.php(239): CodeIgniter\Database\BaseBuilder->insert()
#5 C:\xampp\htdocs\MyProject\system\BaseModel.php(738): CodeIgniter\Model->doInsert(Array)
#6 C:\xampp\htdocs\MyProject\system\Model.php(625): CodeIgniter\BaseModel->insert(Array, true)
#7 C:\xampp\htdocs\MyProject\app\Controllers\User.php(154): CodeIgniter\Model->insert(Array)
#8 C:\xampp\htdocs\MyProject\system\CodeIgniter.php(832): App\Controllers\User->update()
#9 C:\xampp\htdocs\MyProject\system\CodeIgniter.php(419): CodeIgniter\CodeIgniter->runController(Object(App\Controllers\User))
#10 C:\xampp\htdocs\MyProject\system\CodeIgniter.php(326): CodeIgniter\CodeIgniter->handleRequest(NULL, Object(Config\Cache), false)
#11 C:\xampp\htdocs\MyProject\public\index.php(37): CodeIgniter\CodeIgniter->run()
#12 C:\xampp\htdocs\MyProject\system\Commands\Server\rewrite.php(43): require_once('C:\\xampp\\htdocs...')
#13 {main}
CRITICAL - 2022-06-18 20:45:37 --> There is no data to update.
#0 C:\xampp\htdocs\MyProject\system\BaseModel.php(1574): CodeIgniter\Database\Exceptions\DataException::forEmptyDataset('update')
#1 C:\xampp\htdocs\MyProject\system\BaseModel.php(832): CodeIgniter\BaseModel->transformDataToArray(NULL, 'update')
#2 C:\xampp\htdocs\MyProject\system\Model.php(651): CodeIgniter\BaseModel->update(Array, NULL)
#3 C:\xampp\htdocs\MyProject\app\Controllers\User.php(154): CodeIgniter\Model->update(Array)
#4 C:\xampp\htdocs\MyProject\system\CodeIgniter.php(832): App\Controllers\User->update()
#5 C:\xampp\htdocs\MyProject\system\CodeIgniter.php(419): CodeIgniter\CodeIgniter->runController(Object(App\Controllers\User))
#6 C:\xampp\htdocs\MyProject\system\CodeIgniter.php(326): CodeIgniter\CodeIgniter->handleRequest(NULL, Object(Config\Cache), false)
#7 C:\xampp\htdocs\MyProject\public\index.php(37): CodeIgniter\CodeIgniter->run()
#8 C:\xampp\htdocs\MyProject\system\Commands\Server\rewrite.php(43): require_once('C:\\xampp\\htdocs...')
#9 {main}
ERROR - 2022-06-18 20:48:13 --> Column 'Nama' cannot be null
CRITICAL - 2022-06-18 20:48:13 --> Column 'Nama' cannot be null
#0 C:\xampp\htdocs\MyProject\system\Database\MySQLi\Connection.php(292): mysqli->query('INSERT INTO `cu...', 0)
#1 C:\xampp\htdocs\MyProject\system\Database\BaseConnection.php(670): CodeIgniter\Database\MySQLi\Connection->execute('INSERT INTO `cu...')
#2 C:\xampp\htdocs\MyProject\system\Database\BaseConnection.php(598): CodeIgniter\Database\BaseConnection->simpleQuery('INSERT INTO `cu...')
#3 C:\xampp\htdocs\MyProject\system\Database\BaseBuilder.php(1771): CodeIgniter\Database\BaseConnection->query('INSERT INTO `cu...', Array, false)
#4 C:\xampp\htdocs\MyProject\system\Model.php(239): CodeIgniter\Database\BaseBuilder->insert()
#5 C:\xampp\htdocs\MyProject\system\BaseModel.php(738): CodeIgniter\Model->doInsert(Array)
#6 C:\xampp\htdocs\MyProject\system\Model.php(625): CodeIgniter\BaseModel->insert(Array, true)
#7 C:\xampp\htdocs\MyProject\app\Controllers\User.php(154): CodeIgniter\Model->insert(Array)
#8 C:\xampp\htdocs\MyProject\system\CodeIgniter.php(832): App\Controllers\User->update()
#9 C:\xampp\htdocs\MyProject\system\CodeIgniter.php(419): CodeIgniter\CodeIgniter->runController(Object(App\Controllers\User))
#10 C:\xampp\htdocs\MyProject\system\CodeIgniter.php(326): CodeIgniter\CodeIgniter->handleRequest(NULL, Object(Config\Cache), false)
#11 C:\xampp\htdocs\MyProject\public\index.php(37): CodeIgniter\CodeIgniter->run()
#12 C:\xampp\htdocs\MyProject\system\Commands\Server\rewrite.php(43): require_once('C:\\xampp\\htdocs...')
#13 {main}
