ERROR - 2022-06-19 22:00:17 --> Duplicate entry '0' for key 'PRIMARY'
CRITICAL - 2022-06-19 22:00:17 --> Duplicate entry '0' for key 'PRIMARY'
#0 C:\xampp\htdocs\MyProject\system\Database\MySQLi\Connection.php(292): mysqli->query('INSERT INTO `cu...', 0)
#1 C:\xampp\htdocs\MyProject\system\Database\BaseConnection.php(670): CodeIgniter\Database\MySQLi\Connection->execute('INSERT INTO `cu...')
#2 C:\xampp\htdocs\MyProject\system\Database\BaseConnection.php(598): CodeIgniter\Database\BaseConnection->simpleQuery('INSERT INTO `cu...')
#3 C:\xampp\htdocs\MyProject\system\Database\BaseBuilder.php(1771): CodeIgniter\Database\BaseConnection->query('INSERT INTO `cu...', Array, false)
#4 C:\xampp\htdocs\MyProject\system\Model.php(239): CodeIgniter\Database\BaseBuilder->insert()
#5 C:\xampp\htdocs\MyProject\system\BaseModel.php(738): CodeIgniter\Model->doInsert(Array)
#6 C:\xampp\htdocs\MyProject\system\Model.php(625): CodeIgniter\BaseModel->insert(Array, true)
#7 C:\xampp\htdocs\MyProject\app\Controllers\User.php(154): CodeIgniter\Model->insert(Array)
#8 C:\xampp\htdocs\MyProject\system\CodeIgniter.php(832): App\Controllers\User->update()
#9 C:\xampp\htdocs\MyProject\system\CodeIgniter.php(419): CodeIgniter\CodeIgniter->runController(Object(App\Controllers\User))
#10 C:\xampp\htdocs\MyProject\system\CodeIgniter.php(326): CodeIgniter\CodeIgniter->handleRequest(NULL, Object(Config\Cache), false)
#11 C:\xampp\htdocs\MyProject\public\index.php(37): CodeIgniter\CodeIgniter->run()
#12 C:\xampp\htdocs\MyProject\system\Commands\Server\rewrite.php(43): require_once('C:\\xampp\\htdocs...')
#13 {main}
CRITICAL - 2022-06-19 22:16:09 --> Call to undefined method app\Models\CV::get_edit
#0 C:\xampp\htdocs\MyProject\app\Controllers\User.php(154): CodeIgniter\Model->__call('get_edit', Array)
#1 C:\xampp\htdocs\MyProject\system\CodeIgniter.php(832): App\Controllers\User->update()
#2 C:\xampp\htdocs\MyProject\system\CodeIgniter.php(419): CodeIgniter\CodeIgniter->runController(Object(App\Controllers\User))
#3 C:\xampp\htdocs\MyProject\system\CodeIgniter.php(326): CodeIgniter\CodeIgniter->handleRequest(NULL, Object(Config\Cache), false)
#4 C:\xampp\htdocs\MyProject\public\index.php(37): CodeIgniter\CodeIgniter->run()
#5 C:\xampp\htdocs\MyProject\system\Commands\Server\rewrite.php(43): require_once('C:\\xampp\\htdocs...')
#6 {main}
CRITICAL - 2022-06-19 22:16:33 --> Call to undefined method app\Models\CV::edit
#0 C:\xampp\htdocs\MyProject\app\Controllers\User.php(154): CodeIgniter\Model->__call('edit', Array)
#1 C:\xampp\htdocs\MyProject\system\CodeIgniter.php(832): App\Controllers\User->update()
#2 C:\xampp\htdocs\MyProject\system\CodeIgniter.php(419): CodeIgniter\CodeIgniter->runController(Object(App\Controllers\User))
#3 C:\xampp\htdocs\MyProject\system\CodeIgniter.php(326): CodeIgniter\CodeIgniter->handleRequest(NULL, Object(Config\Cache), false)
#4 C:\xampp\htdocs\MyProject\public\index.php(37): CodeIgniter\CodeIgniter->run()
#5 C:\xampp\htdocs\MyProject\system\Commands\Server\rewrite.php(43): require_once('C:\\xampp\\htdocs...')
#6 {main}
CRITICAL - 2022-06-19 22:25:48 --> Too few arguments to function App\Controllers\User::get_edit(), 0 passed in C:\xampp\htdocs\MyProject\system\CodeIgniter.php on line 832 and exactly 1 expected
#0 C:\xampp\htdocs\MyProject\system\CodeIgniter.php(832): App\Controllers\User->get_edit()
#1 C:\xampp\htdocs\MyProject\system\CodeIgniter.php(419): CodeIgniter\CodeIgniter->runController(Object(App\Controllers\User))
#2 C:\xampp\htdocs\MyProject\system\CodeIgniter.php(326): CodeIgniter\CodeIgniter->handleRequest(NULL, Object(Config\Cache), false)
#3 C:\xampp\htdocs\MyProject\public\index.php(37): CodeIgniter\CodeIgniter->run()
#4 C:\xampp\htdocs\MyProject\system\Commands\Server\rewrite.php(43): require_once('C:\\xampp\\htdocs...')
#5 {main}
CRITICAL - 2022-06-19 22:26:09 --> Too few arguments to function App\Controllers\User::get_edit(), 0 passed in C:\xampp\htdocs\MyProject\system\CodeIgniter.php on line 832 and exactly 1 expected
#0 C:\xampp\htdocs\MyProject\system\CodeIgniter.php(832): App\Controllers\User->get_edit()
#1 C:\xampp\htdocs\MyProject\system\CodeIgniter.php(419): CodeIgniter\CodeIgniter->runController(Object(App\Controllers\User))
#2 C:\xampp\htdocs\MyProject\system\CodeIgniter.php(326): CodeIgniter\CodeIgniter->handleRequest(NULL, Object(Config\Cache), false)
#3 C:\xampp\htdocs\MyProject\public\index.php(37): CodeIgniter\CodeIgniter->run()
#4 C:\xampp\htdocs\MyProject\system\Commands\Server\rewrite.php(43): require_once('C:\\xampp\\htdocs...')
#5 {main}
