CRITICAL - 2022-06-07 21:54:56 --> Class "app\models\pendidikan" not found
#0 C:\xampp\htdocs\MyProject\system\CodeIgniter.php(809): App\Controllers\User->__construct()
#1 C:\xampp\htdocs\MyProject\system\CodeIgniter.php(410): CodeIgniter\CodeIgniter->createController()
#2 C:\xampp\htdocs\MyProject\system\CodeIgniter.php(326): CodeIgniter\CodeIgniter->handleRequest(NULL, Object(Config\Cache), false)
#3 C:\xampp\htdocs\MyProject\public\index.php(37): CodeIgniter\CodeIgniter->run()
#4 C:\xampp\htdocs\MyProject\system\Commands\Server\rewrite.php(43): require_once('C:\\xampp\\htdocs...')
#5 {main}
CRITICAL - 2022-06-07 21:55:08 --> Class "app\models\pendidikan" not found
#0 C:\xampp\htdocs\MyProject\system\CodeIgniter.php(809): App\Controllers\User->__construct()
#1 C:\xampp\htdocs\MyProject\system\CodeIgniter.php(410): CodeIgniter\CodeIgniter->createController()
#2 C:\xampp\htdocs\MyProject\system\CodeIgniter.php(326): CodeIgniter\CodeIgniter->handleRequest(NULL, Object(Config\Cache), false)
#3 C:\xampp\htdocs\MyProject\public\index.php(37): CodeIgniter\CodeIgniter->run()
#4 C:\xampp\htdocs\MyProject\system\Commands\Server\rewrite.php(43): require_once('C:\\xampp\\htdocs...')
#5 {main}
CRITICAL - 2022-06-07 21:55:24 --> Class "app\models\pendidikan" not found
#0 C:\xampp\htdocs\MyProject\system\CodeIgniter.php(809): App\Controllers\User->__construct()
#1 C:\xampp\htdocs\MyProject\system\CodeIgniter.php(410): CodeIgniter\CodeIgniter->createController()
#2 C:\xampp\htdocs\MyProject\system\CodeIgniter.php(326): CodeIgniter\CodeIgniter->handleRequest(NULL, Object(Config\Cache), false)
#3 C:\xampp\htdocs\MyProject\public\index.php(37): CodeIgniter\CodeIgniter->run()
#4 C:\xampp\htdocs\MyProject\system\Commands\Server\rewrite.php(43): require_once('C:\\xampp\\htdocs...')
#5 {main}
CRITICAL - 2022-06-07 21:55:25 --> Class "app\models\pendidikan" not found
#0 C:\xampp\htdocs\MyProject\system\CodeIgniter.php(809): App\Controllers\User->__construct()
#1 C:\xampp\htdocs\MyProject\system\CodeIgniter.php(410): CodeIgniter\CodeIgniter->createController()
#2 C:\xampp\htdocs\MyProject\system\CodeIgniter.php(326): CodeIgniter\CodeIgniter->handleRequest(NULL, Object(Config\Cache), false)
#3 C:\xampp\htdocs\MyProject\public\index.php(37): CodeIgniter\CodeIgniter->run()
#4 C:\xampp\htdocs\MyProject\system\Commands\Server\rewrite.php(43): require_once('C:\\xampp\\htdocs...')
#5 {main}
CRITICAL - 2022-06-07 21:59:05 --> Class "app\models\pendidikan" not found
#0 C:\xampp\htdocs\MyProject\system\CodeIgniter.php(809): App\Controllers\User->__construct()
#1 C:\xampp\htdocs\MyProject\system\CodeIgniter.php(410): CodeIgniter\CodeIgniter->createController()
#2 C:\xampp\htdocs\MyProject\system\CodeIgniter.php(326): CodeIgniter\CodeIgniter->handleRequest(NULL, Object(Config\Cache), false)
#3 C:\xampp\htdocs\MyProject\public\index.php(37): CodeIgniter\CodeIgniter->run()
#4 C:\xampp\htdocs\MyProject\system\Commands\Server\rewrite.php(43): require_once('C:\\xampp\\htdocs...')
#5 {main}
CRITICAL - 2022-06-07 21:59:05 --> Class "app\models\pendidikan" not found
#0 C:\xampp\htdocs\MyProject\system\CodeIgniter.php(809): App\Controllers\User->__construct()
#1 C:\xampp\htdocs\MyProject\system\CodeIgniter.php(410): CodeIgniter\CodeIgniter->createController()
#2 C:\xampp\htdocs\MyProject\system\CodeIgniter.php(326): CodeIgniter\CodeIgniter->handleRequest(NULL, Object(Config\Cache), false)
#3 C:\xampp\htdocs\MyProject\public\index.php(37): CodeIgniter\CodeIgniter->run()
#4 C:\xampp\htdocs\MyProject\system\Commands\Server\rewrite.php(43): require_once('C:\\xampp\\htdocs...')
#5 {main}
CRITICAL - 2022-06-07 21:59:06 --> Class "app\models\pendidikan" not found
#0 C:\xampp\htdocs\MyProject\system\CodeIgniter.php(809): App\Controllers\User->__construct()
#1 C:\xampp\htdocs\MyProject\system\CodeIgniter.php(410): CodeIgniter\CodeIgniter->createController()
#2 C:\xampp\htdocs\MyProject\system\CodeIgniter.php(326): CodeIgniter\CodeIgniter->handleRequest(NULL, Object(Config\Cache), false)
#3 C:\xampp\htdocs\MyProject\public\index.php(37): CodeIgniter\CodeIgniter->run()
#4 C:\xampp\htdocs\MyProject\system\Commands\Server\rewrite.php(43): require_once('C:\\xampp\\htdocs...')
#5 {main}
CRITICAL - 2022-06-07 22:00:28 --> Class "app\models\pendidikan" not found
#0 C:\xampp\htdocs\MyProject\system\CodeIgniter.php(809): App\Controllers\User->__construct()
#1 C:\xampp\htdocs\MyProject\system\CodeIgniter.php(410): CodeIgniter\CodeIgniter->createController()
#2 C:\xampp\htdocs\MyProject\system\CodeIgniter.php(326): CodeIgniter\CodeIgniter->handleRequest(NULL, Object(Config\Cache), false)
#3 C:\xampp\htdocs\MyProject\public\index.php(37): CodeIgniter\CodeIgniter->run()
#4 C:\xampp\htdocs\MyProject\system\Commands\Server\rewrite.php(43): require_once('C:\\xampp\\htdocs...')
#5 {main}
CRITICAL - 2022-06-07 22:01:51 --> Class "app\models\pendidikan" not found
#0 C:\xampp\htdocs\MyProject\system\CodeIgniter.php(809): App\Controllers\User->__construct()
#1 C:\xampp\htdocs\MyProject\system\CodeIgniter.php(410): CodeIgniter\CodeIgniter->createController()
#2 C:\xampp\htdocs\MyProject\system\CodeIgniter.php(326): CodeIgniter\CodeIgniter->handleRequest(NULL, Object(Config\Cache), false)
#3 C:\xampp\htdocs\MyProject\public\index.php(37): CodeIgniter\CodeIgniter->run()
#4 C:\xampp\htdocs\MyProject\system\Commands\Server\rewrite.php(43): require_once('C:\\xampp\\htdocs...')
#5 {main}
CRITICAL - 2022-06-07 22:04:52 --> Class "app\models\pendidikan" not found
#0 C:\xampp\htdocs\MyProject\system\CodeIgniter.php(809): App\Controllers\User->__construct()
#1 C:\xampp\htdocs\MyProject\system\CodeIgniter.php(410): CodeIgniter\CodeIgniter->createController()
#2 C:\xampp\htdocs\MyProject\system\CodeIgniter.php(326): CodeIgniter\CodeIgniter->handleRequest(NULL, Object(Config\Cache), false)
#3 C:\xampp\htdocs\MyProject\public\index.php(37): CodeIgniter\CodeIgniter->run()
#4 C:\xampp\htdocs\MyProject\system\Commands\Server\rewrite.php(43): require_once('C:\\xampp\\htdocs...')
#5 {main}
CRITICAL - 2022-06-07 22:05:21 --> Class "app\Models\pendidikan" not found
#0 C:\xampp\htdocs\MyProject\system\CodeIgniter.php(809): App\Controllers\User->__construct()
#1 C:\xampp\htdocs\MyProject\system\CodeIgniter.php(410): CodeIgniter\CodeIgniter->createController()
#2 C:\xampp\htdocs\MyProject\system\CodeIgniter.php(326): CodeIgniter\CodeIgniter->handleRequest(NULL, Object(Config\Cache), false)
#3 C:\xampp\htdocs\MyProject\public\index.php(37): CodeIgniter\CodeIgniter->run()
#4 C:\xampp\htdocs\MyProject\system\Commands\Server\rewrite.php(43): require_once('C:\\xampp\\htdocs...')
#5 {main}
CRITICAL - 2022-06-07 22:05:22 --> Class "app\Models\pendidikan" not found
#0 C:\xampp\htdocs\MyProject\system\CodeIgniter.php(809): App\Controllers\User->__construct()
#1 C:\xampp\htdocs\MyProject\system\CodeIgniter.php(410): CodeIgniter\CodeIgniter->createController()
#2 C:\xampp\htdocs\MyProject\system\CodeIgniter.php(326): CodeIgniter\CodeIgniter->handleRequest(NULL, Object(Config\Cache), false)
#3 C:\xampp\htdocs\MyProject\public\index.php(37): CodeIgniter\CodeIgniter->run()
#4 C:\xampp\htdocs\MyProject\system\Commands\Server\rewrite.php(43): require_once('C:\\xampp\\htdocs...')
#5 {main}
CRITICAL - 2022-06-07 22:07:44 --> Class "app\Models\pendidikan" not found
#0 C:\xampp\htdocs\MyProject\system\CodeIgniter.php(809): App\Controllers\User->__construct()
#1 C:\xampp\htdocs\MyProject\system\CodeIgniter.php(410): CodeIgniter\CodeIgniter->createController()
#2 C:\xampp\htdocs\MyProject\system\CodeIgniter.php(326): CodeIgniter\CodeIgniter->handleRequest(NULL, Object(Config\Cache), false)
#3 C:\xampp\htdocs\MyProject\public\index.php(37): CodeIgniter\CodeIgniter->run()
#4 C:\xampp\htdocs\MyProject\system\Commands\Server\rewrite.php(43): require_once('C:\\xampp\\htdocs...')
#5 {main}
CRITICAL - 2022-06-07 22:23:31 --> Class "app\Models\pendidikan" not found
#0 C:\xampp\htdocs\MyProject\system\CodeIgniter.php(809): App\Controllers\User->__construct()
#1 C:\xampp\htdocs\MyProject\system\CodeIgniter.php(410): CodeIgniter\CodeIgniter->createController()
#2 C:\xampp\htdocs\MyProject\system\CodeIgniter.php(326): CodeIgniter\CodeIgniter->handleRequest(NULL, Object(Config\Cache), false)
#3 C:\xampp\htdocs\MyProject\public\index.php(37): CodeIgniter\CodeIgniter->run()
#4 C:\xampp\htdocs\MyProject\system\Commands\Server\rewrite.php(43): require_once('C:\\xampp\\htdocs...')
#5 {main}
CRITICAL - 2022-06-07 22:23:32 --> Class "app\Models\pendidikan" not found
#0 C:\xampp\htdocs\MyProject\system\CodeIgniter.php(809): App\Controllers\User->__construct()
#1 C:\xampp\htdocs\MyProject\system\CodeIgniter.php(410): CodeIgniter\CodeIgniter->createController()
#2 C:\xampp\htdocs\MyProject\system\CodeIgniter.php(326): CodeIgniter\CodeIgniter->handleRequest(NULL, Object(Config\Cache), false)
#3 C:\xampp\htdocs\MyProject\public\index.php(37): CodeIgniter\CodeIgniter->run()
#4 C:\xampp\htdocs\MyProject\system\Commands\Server\rewrite.php(43): require_once('C:\\xampp\\htdocs...')
#5 {main}
CRITICAL - 2022-06-07 22:27:29 --> Class "app\Models\pendidikan" not found
#0 C:\xampp\htdocs\MyProject\system\CodeIgniter.php(809): App\Controllers\User->__construct()
#1 C:\xampp\htdocs\MyProject\system\CodeIgniter.php(410): CodeIgniter\CodeIgniter->createController()
#2 C:\xampp\htdocs\MyProject\system\CodeIgniter.php(326): CodeIgniter\CodeIgniter->handleRequest(NULL, Object(Config\Cache), false)
#3 C:\xampp\htdocs\MyProject\public\index.php(37): CodeIgniter\CodeIgniter->run()
#4 C:\xampp\htdocs\MyProject\system\Commands\Server\rewrite.php(43): require_once('C:\\xampp\\htdocs...')
#5 {main}
CRITICAL - 2022-06-07 22:27:30 --> Class "app\Models\pendidikan" not found
#0 C:\xampp\htdocs\MyProject\system\CodeIgniter.php(809): App\Controllers\User->__construct()
#1 C:\xampp\htdocs\MyProject\system\CodeIgniter.php(410): CodeIgniter\CodeIgniter->createController()
#2 C:\xampp\htdocs\MyProject\system\CodeIgniter.php(326): CodeIgniter\CodeIgniter->handleRequest(NULL, Object(Config\Cache), false)
#3 C:\xampp\htdocs\MyProject\public\index.php(37): CodeIgniter\CodeIgniter->run()
#4 C:\xampp\htdocs\MyProject\system\Commands\Server\rewrite.php(43): require_once('C:\\xampp\\htdocs...')
#5 {main}
CRITICAL - 2022-06-07 22:27:30 --> Class "app\Models\pendidikan" not found
#0 C:\xampp\htdocs\MyProject\system\CodeIgniter.php(809): App\Controllers\User->__construct()
#1 C:\xampp\htdocs\MyProject\system\CodeIgniter.php(410): CodeIgniter\CodeIgniter->createController()
#2 C:\xampp\htdocs\MyProject\system\CodeIgniter.php(326): CodeIgniter\CodeIgniter->handleRequest(NULL, Object(Config\Cache), false)
#3 C:\xampp\htdocs\MyProject\public\index.php(37): CodeIgniter\CodeIgniter->run()
#4 C:\xampp\htdocs\MyProject\system\Commands\Server\rewrite.php(43): require_once('C:\\xampp\\htdocs...')
#5 {main}
CRITICAL - 2022-06-07 22:27:31 --> Class "app\Models\pendidikan" not found
#0 C:\xampp\htdocs\MyProject\system\CodeIgniter.php(809): App\Controllers\User->__construct()
#1 C:\xampp\htdocs\MyProject\system\CodeIgniter.php(410): CodeIgniter\CodeIgniter->createController()
#2 C:\xampp\htdocs\MyProject\system\CodeIgniter.php(326): CodeIgniter\CodeIgniter->handleRequest(NULL, Object(Config\Cache), false)
#3 C:\xampp\htdocs\MyProject\public\index.php(37): CodeIgniter\CodeIgniter->run()
#4 C:\xampp\htdocs\MyProject\system\Commands\Server\rewrite.php(43): require_once('C:\\xampp\\htdocs...')
#5 {main}
CRITICAL - 2022-06-07 22:28:28 --> Class "app\Models\pendidikan" not found
#0 C:\xampp\htdocs\MyProject\system\CodeIgniter.php(809): App\Controllers\User->__construct()
#1 C:\xampp\htdocs\MyProject\system\CodeIgniter.php(410): CodeIgniter\CodeIgniter->createController()
#2 C:\xampp\htdocs\MyProject\system\CodeIgniter.php(326): CodeIgniter\CodeIgniter->handleRequest(NULL, Object(Config\Cache), false)
#3 C:\xampp\htdocs\MyProject\public\index.php(37): CodeIgniter\CodeIgniter->run()
#4 C:\xampp\htdocs\MyProject\system\Commands\Server\rewrite.php(43): require_once('C:\\xampp\\htdocs...')
#5 {main}
CRITICAL - 2022-06-07 22:28:29 --> Class "app\Models\pendidikan" not found
#0 C:\xampp\htdocs\MyProject\system\CodeIgniter.php(809): App\Controllers\User->__construct()
#1 C:\xampp\htdocs\MyProject\system\CodeIgniter.php(410): CodeIgniter\CodeIgniter->createController()
#2 C:\xampp\htdocs\MyProject\system\CodeIgniter.php(326): CodeIgniter\CodeIgniter->handleRequest(NULL, Object(Config\Cache), false)
#3 C:\xampp\htdocs\MyProject\public\index.php(37): CodeIgniter\CodeIgniter->run()
#4 C:\xampp\htdocs\MyProject\system\Commands\Server\rewrite.php(43): require_once('C:\\xampp\\htdocs...')
#5 {main}
CRITICAL - 2022-06-07 22:28:29 --> Class "app\Models\pendidikan" not found
#0 C:\xampp\htdocs\MyProject\system\CodeIgniter.php(809): App\Controllers\User->__construct()
#1 C:\xampp\htdocs\MyProject\system\CodeIgniter.php(410): CodeIgniter\CodeIgniter->createController()
#2 C:\xampp\htdocs\MyProject\system\CodeIgniter.php(326): CodeIgniter\CodeIgniter->handleRequest(NULL, Object(Config\Cache), false)
#3 C:\xampp\htdocs\MyProject\public\index.php(37): CodeIgniter\CodeIgniter->run()
#4 C:\xampp\htdocs\MyProject\system\Commands\Server\rewrite.php(43): require_once('C:\\xampp\\htdocs...')
#5 {main}
CRITICAL - 2022-06-07 22:28:30 --> Class "app\Models\pendidikan" not found
#0 C:\xampp\htdocs\MyProject\system\CodeIgniter.php(809): App\Controllers\User->__construct()
#1 C:\xampp\htdocs\MyProject\system\CodeIgniter.php(410): CodeIgniter\CodeIgniter->createController()
#2 C:\xampp\htdocs\MyProject\system\CodeIgniter.php(326): CodeIgniter\CodeIgniter->handleRequest(NULL, Object(Config\Cache), false)
#3 C:\xampp\htdocs\MyProject\public\index.php(37): CodeIgniter\CodeIgniter->run()
#4 C:\xampp\htdocs\MyProject\system\Commands\Server\rewrite.php(43): require_once('C:\\xampp\\htdocs...')
#5 {main}
CRITICAL - 2022-06-07 22:28:30 --> Class "app\Models\pendidikan" not found
#0 C:\xampp\htdocs\MyProject\system\CodeIgniter.php(809): App\Controllers\User->__construct()
#1 C:\xampp\htdocs\MyProject\system\CodeIgniter.php(410): CodeIgniter\CodeIgniter->createController()
#2 C:\xampp\htdocs\MyProject\system\CodeIgniter.php(326): CodeIgniter\CodeIgniter->handleRequest(NULL, Object(Config\Cache), false)
#3 C:\xampp\htdocs\MyProject\public\index.php(37): CodeIgniter\CodeIgniter->run()
#4 C:\xampp\htdocs\MyProject\system\Commands\Server\rewrite.php(43): require_once('C:\\xampp\\htdocs...')
#5 {main}
CRITICAL - 2022-06-07 22:39:56 --> Class "app\Models\pendidikan" not found
#0 C:\xampp\htdocs\MyProject\system\CodeIgniter.php(809): App\Controllers\User->__construct()
#1 C:\xampp\htdocs\MyProject\system\CodeIgniter.php(410): CodeIgniter\CodeIgniter->createController()
#2 C:\xampp\htdocs\MyProject\system\CodeIgniter.php(326): CodeIgniter\CodeIgniter->handleRequest(NULL, Object(Config\Cache), false)
#3 C:\xampp\htdocs\MyProject\public\index.php(37): CodeIgniter\CodeIgniter->run()
#4 C:\xampp\htdocs\MyProject\system\Commands\Server\rewrite.php(43): require_once('C:\\xampp\\htdocs...')
#5 {main}
CRITICAL - 2022-06-07 22:40:00 --> Class "app\Models\pendidikan" not found
#0 C:\xampp\htdocs\MyProject\system\CodeIgniter.php(809): App\Controllers\User->__construct()
#1 C:\xampp\htdocs\MyProject\system\CodeIgniter.php(410): CodeIgniter\CodeIgniter->createController()
#2 C:\xampp\htdocs\MyProject\system\CodeIgniter.php(326): CodeIgniter\CodeIgniter->handleRequest(NULL, Object(Config\Cache), false)
#3 C:\xampp\htdocs\MyProject\public\index.php(37): CodeIgniter\CodeIgniter->run()
#4 C:\xampp\htdocs\MyProject\system\Commands\Server\rewrite.php(43): require_once('C:\\xampp\\htdocs...')
#5 {main}
CRITICAL - 2022-06-07 22:40:07 --> Class "app\Models\pendidikan" not found
#0 C:\xampp\htdocs\MyProject\system\CodeIgniter.php(809): App\Controllers\User->__construct()
#1 C:\xampp\htdocs\MyProject\system\CodeIgniter.php(410): CodeIgniter\CodeIgniter->createController()
#2 C:\xampp\htdocs\MyProject\system\CodeIgniter.php(326): CodeIgniter\CodeIgniter->handleRequest(NULL, Object(Config\Cache), false)
#3 C:\xampp\htdocs\MyProject\public\index.php(37): CodeIgniter\CodeIgniter->run()
#4 C:\xampp\htdocs\MyProject\system\Commands\Server\rewrite.php(43): require_once('C:\\xampp\\htdocs...')
#5 {main}
CRITICAL - 2022-06-07 22:40:48 --> Class "app\Models\pendidikan" not found
#0 C:\xampp\htdocs\MyProject\system\CodeIgniter.php(809): App\Controllers\User->__construct()
#1 C:\xampp\htdocs\MyProject\system\CodeIgniter.php(410): CodeIgniter\CodeIgniter->createController()
#2 C:\xampp\htdocs\MyProject\system\CodeIgniter.php(326): CodeIgniter\CodeIgniter->handleRequest(NULL, Object(Config\Cache), false)
#3 C:\xampp\htdocs\MyProject\public\index.php(37): CodeIgniter\CodeIgniter->run()
#4 C:\xampp\htdocs\MyProject\system\Commands\Server\rewrite.php(43): require_once('C:\\xampp\\htdocs...')
#5 {main}
CRITICAL - 2022-06-07 22:42:39 --> Class "app\Models\Pendidikan" not found
#0 C:\xampp\htdocs\MyProject\system\CodeIgniter.php(809): App\Controllers\User->__construct()
#1 C:\xampp\htdocs\MyProject\system\CodeIgniter.php(410): CodeIgniter\CodeIgniter->createController()
#2 C:\xampp\htdocs\MyProject\system\CodeIgniter.php(326): CodeIgniter\CodeIgniter->handleRequest(NULL, Object(Config\Cache), false)
#3 C:\xampp\htdocs\MyProject\public\index.php(37): CodeIgniter\CodeIgniter->run()
#4 C:\xampp\htdocs\MyProject\system\Commands\Server\rewrite.php(43): require_once('C:\\xampp\\htdocs...')
#5 {main}
CRITICAL - 2022-06-07 22:42:46 --> Class "app\Models\Pendidikan" not found
#0 C:\xampp\htdocs\MyProject\system\CodeIgniter.php(809): App\Controllers\User->__construct()
#1 C:\xampp\htdocs\MyProject\system\CodeIgniter.php(410): CodeIgniter\CodeIgniter->createController()
#2 C:\xampp\htdocs\MyProject\system\CodeIgniter.php(326): CodeIgniter\CodeIgniter->handleRequest(NULL, Object(Config\Cache), false)
#3 C:\xampp\htdocs\MyProject\public\index.php(37): CodeIgniter\CodeIgniter->run()
#4 C:\xampp\htdocs\MyProject\system\Commands\Server\rewrite.php(43): require_once('C:\\xampp\\htdocs...')
#5 {main}
CRITICAL - 2022-06-07 22:44:00 --> Undefined array key "pelatihan2"
#0 C:\xampp\htdocs\MyProject\app\Views\CV-Yoga.php(129): CodeIgniter\Debug\Exceptions->errorHandler(2, 'Undefined array...', 'C:\\xampp\\htdocs...', 129)
#1 C:\xampp\htdocs\MyProject\system\View\View.php(210): include('C:\\xampp\\htdocs...')
#2 C:\xampp\htdocs\MyProject\system\View\View.php(213): CodeIgniter\View\View->CodeIgniter\View\{closure}()
#3 C:\xampp\htdocs\MyProject\system\Common.php(1089): CodeIgniter\View\View->render('CV-Yoga', Array, true)
#4 C:\xampp\htdocs\MyProject\app\Controllers\User.php(21): view('CV-Yoga', Array)
#5 C:\xampp\htdocs\MyProject\system\CodeIgniter.php(832): App\Controllers\User->index()
#6 C:\xampp\htdocs\MyProject\system\CodeIgniter.php(419): CodeIgniter\CodeIgniter->runController(Object(App\Controllers\User))
#7 C:\xampp\htdocs\MyProject\system\CodeIgniter.php(326): CodeIgniter\CodeIgniter->handleRequest(NULL, Object(Config\Cache), false)
#8 C:\xampp\htdocs\MyProject\public\index.php(37): CodeIgniter\CodeIgniter->run()
#9 C:\xampp\htdocs\MyProject\system\Commands\Server\rewrite.php(43): require_once('C:\\xampp\\htdocs...')
#10 {main}
