CRITICAL - 2022-06-17 19:26:51 --> Array callback must have exactly two elements
#0 C:\xampp\htdocs\MyProject\system\CodeIgniter.php(832): App\Controllers\User->get_edit('0')
#1 C:\xampp\htdocs\MyProject\system\CodeIgniter.php(419): CodeIgniter\CodeIgniter->runController(Object(App\Controllers\User))
#2 C:\xampp\htdocs\MyProject\system\CodeIgniter.php(326): CodeIgniter\CodeIgniter->handleRequest(NULL, Object(Config\Cache), false)
#3 C:\xampp\htdocs\MyProject\public\index.php(37): CodeIgniter\CodeIgniter->run()
#4 C:\xampp\htdocs\MyProject\system\Commands\Server\rewrite.php(43): require_once('C:\\xampp\\htdocs...')
#5 {main}
CRITICAL - 2022-06-17 19:29:25 --> Array callback must have exactly two elements
#0 C:\xampp\htdocs\MyProject\system\CodeIgniter.php(832): App\Controllers\User->get_edit('0')
#1 C:\xampp\htdocs\MyProject\system\CodeIgniter.php(419): CodeIgniter\CodeIgniter->runController(Object(App\Controllers\User))
#2 C:\xampp\htdocs\MyProject\system\CodeIgniter.php(326): CodeIgniter\CodeIgniter->handleRequest(NULL, Object(Config\Cache), false)
#3 C:\xampp\htdocs\MyProject\public\index.php(37): CodeIgniter\CodeIgniter->run()
#4 C:\xampp\htdocs\MyProject\system\Commands\Server\rewrite.php(43): require_once('C:\\xampp\\htdocs...')
#5 {main}
CRITICAL - 2022-06-17 19:30:30 --> Array callback must have exactly two elements
#0 C:\xampp\htdocs\MyProject\system\CodeIgniter.php(832): App\Controllers\User->get_edit('0')
#1 C:\xampp\htdocs\MyProject\system\CodeIgniter.php(419): CodeIgniter\CodeIgniter->runController(Object(App\Controllers\User))
#2 C:\xampp\htdocs\MyProject\system\CodeIgniter.php(326): CodeIgniter\CodeIgniter->handleRequest(NULL, Object(Config\Cache), false)
#3 C:\xampp\htdocs\MyProject\public\index.php(37): CodeIgniter\CodeIgniter->run()
#4 C:\xampp\htdocs\MyProject\system\Commands\Server\rewrite.php(43): require_once('C:\\xampp\\htdocs...')
#5 {main}
CRITICAL - 2022-06-17 19:30:44 --> Array callback must have exactly two elements
#0 C:\xampp\htdocs\MyProject\system\CodeIgniter.php(832): App\Controllers\User->get_edit('0')
#1 C:\xampp\htdocs\MyProject\system\CodeIgniter.php(419): CodeIgniter\CodeIgniter->runController(Object(App\Controllers\User))
#2 C:\xampp\htdocs\MyProject\system\CodeIgniter.php(326): CodeIgniter\CodeIgniter->handleRequest(NULL, Object(Config\Cache), false)
#3 C:\xampp\htdocs\MyProject\public\index.php(37): CodeIgniter\CodeIgniter->run()
#4 C:\xampp\htdocs\MyProject\system\Commands\Server\rewrite.php(43): require_once('C:\\xampp\\htdocs...')
#5 {main}
CRITICAL - 2022-06-17 19:33:02 --> Array callback must have exactly two elements
#0 C:\xampp\htdocs\MyProject\system\CodeIgniter.php(832): App\Controllers\User->get_edit('0')
#1 C:\xampp\htdocs\MyProject\system\CodeIgniter.php(419): CodeIgniter\CodeIgniter->runController(Object(App\Controllers\User))
#2 C:\xampp\htdocs\MyProject\system\CodeIgniter.php(326): CodeIgniter\CodeIgniter->handleRequest(NULL, Object(Config\Cache), false)
#3 C:\xampp\htdocs\MyProject\public\index.php(37): CodeIgniter\CodeIgniter->run()
#4 C:\xampp\htdocs\MyProject\system\Commands\Server\rewrite.php(43): require_once('C:\\xampp\\htdocs...')
#5 {main}
ERROR - 2022-06-17 19:35:06 --> Duplicate entry '0' for key 'PRIMARY'
CRITICAL - 2022-06-17 19:35:06 --> Duplicate entry '0' for key 'PRIMARY'
#0 C:\xampp\htdocs\MyProject\system\Database\MySQLi\Connection.php(292): mysqli->query('INSERT INTO `cu...', 0)
#1 C:\xampp\htdocs\MyProject\system\Database\BaseConnection.php(670): CodeIgniter\Database\MySQLi\Connection->execute('INSERT INTO `cu...')
#2 C:\xampp\htdocs\MyProject\system\Database\BaseConnection.php(598): CodeIgniter\Database\BaseConnection->simpleQuery('INSERT INTO `cu...')
#3 C:\xampp\htdocs\MyProject\system\Database\BaseBuilder.php(1771): CodeIgniter\Database\BaseConnection->query('INSERT INTO `cu...', Array, false)
#4 C:\xampp\htdocs\MyProject\system\Model.php(239): CodeIgniter\Database\BaseBuilder->insert()
#5 C:\xampp\htdocs\MyProject\system\BaseModel.php(738): CodeIgniter\Model->doInsert(Array)
#6 C:\xampp\htdocs\MyProject\system\Model.php(625): CodeIgniter\BaseModel->insert(Array, false)
#7 C:\xampp\htdocs\MyProject\system\BaseModel.php(658): CodeIgniter\Model->insert(Array, false)
#8 C:\xampp\htdocs\MyProject\app\Controllers\User.php(69): CodeIgniter\BaseModel->save(Array)
#9 C:\xampp\htdocs\MyProject\system\CodeIgniter.php(832): App\Controllers\User->simpan()
#10 C:\xampp\htdocs\MyProject\system\CodeIgniter.php(419): CodeIgniter\CodeIgniter->runController(Object(App\Controllers\User))
#11 C:\xampp\htdocs\MyProject\system\CodeIgniter.php(326): CodeIgniter\CodeIgniter->handleRequest(NULL, Object(Config\Cache), false)
#12 C:\xampp\htdocs\MyProject\public\index.php(37): CodeIgniter\CodeIgniter->run()
#13 C:\xampp\htdocs\MyProject\system\Commands\Server\rewrite.php(43): require_once('C:\\xampp\\htdocs...')
#14 {main}
CRITICAL - 2022-06-17 19:46:04 --> Array callback must have exactly two elements
#0 C:\xampp\htdocs\MyProject\system\CodeIgniter.php(832): App\Controllers\User->get_edit('0')
#1 C:\xampp\htdocs\MyProject\system\CodeIgniter.php(419): CodeIgniter\CodeIgniter->runController(Object(App\Controllers\User))
#2 C:\xampp\htdocs\MyProject\system\CodeIgniter.php(326): CodeIgniter\CodeIgniter->handleRequest(NULL, Object(Config\Cache), false)
#3 C:\xampp\htdocs\MyProject\public\index.php(37): CodeIgniter\CodeIgniter->run()
#4 C:\xampp\htdocs\MyProject\system\Commands\Server\rewrite.php(43): require_once('C:\\xampp\\htdocs...')
#5 {main}
ERROR - 2022-06-17 19:46:44 --> Duplicate entry '0' for key 'PRIMARY'
CRITICAL - 2022-06-17 19:46:44 --> Duplicate entry '0' for key 'PRIMARY'
#0 C:\xampp\htdocs\MyProject\system\Database\MySQLi\Connection.php(292): mysqli->query('INSERT INTO `cu...', 0)
#1 C:\xampp\htdocs\MyProject\system\Database\BaseConnection.php(670): CodeIgniter\Database\MySQLi\Connection->execute('INSERT INTO `cu...')
#2 C:\xampp\htdocs\MyProject\system\Database\BaseConnection.php(598): CodeIgniter\Database\BaseConnection->simpleQuery('INSERT INTO `cu...')
#3 C:\xampp\htdocs\MyProject\system\Database\BaseBuilder.php(1771): CodeIgniter\Database\BaseConnection->query('INSERT INTO `cu...', Array, false)
#4 C:\xampp\htdocs\MyProject\system\Model.php(239): CodeIgniter\Database\BaseBuilder->insert()
#5 C:\xampp\htdocs\MyProject\system\BaseModel.php(738): CodeIgniter\Model->doInsert(Array)
#6 C:\xampp\htdocs\MyProject\system\Model.php(625): CodeIgniter\BaseModel->insert(Array, false)
#7 C:\xampp\htdocs\MyProject\system\BaseModel.php(658): CodeIgniter\Model->insert(Array, false)
#8 C:\xampp\htdocs\MyProject\app\Controllers\User.php(58): CodeIgniter\BaseModel->save(Array)
#9 C:\xampp\htdocs\MyProject\system\CodeIgniter.php(832): App\Controllers\User->simpan()
#10 C:\xampp\htdocs\MyProject\system\CodeIgniter.php(419): CodeIgniter\CodeIgniter->runController(Object(App\Controllers\User))
#11 C:\xampp\htdocs\MyProject\system\CodeIgniter.php(326): CodeIgniter\CodeIgniter->handleRequest(NULL, Object(Config\Cache), false)
#12 C:\xampp\htdocs\MyProject\public\index.php(37): CodeIgniter\CodeIgniter->run()
#13 C:\xampp\htdocs\MyProject\system\Commands\Server\rewrite.php(43): require_once('C:\\xampp\\htdocs...')
#14 {main}
ERROR - 2022-06-17 19:48:37 --> Duplicate entry '0' for key 'PRIMARY'
CRITICAL - 2022-06-17 19:48:37 --> Duplicate entry '0' for key 'PRIMARY'
#0 C:\xampp\htdocs\MyProject\system\Database\MySQLi\Connection.php(292): mysqli->query('INSERT INTO `cu...', 0)
#1 C:\xampp\htdocs\MyProject\system\Database\BaseConnection.php(670): CodeIgniter\Database\MySQLi\Connection->execute('INSERT INTO `cu...')
#2 C:\xampp\htdocs\MyProject\system\Database\BaseConnection.php(598): CodeIgniter\Database\BaseConnection->simpleQuery('INSERT INTO `cu...')
#3 C:\xampp\htdocs\MyProject\system\Database\BaseBuilder.php(1771): CodeIgniter\Database\BaseConnection->query('INSERT INTO `cu...', Array, false)
#4 C:\xampp\htdocs\MyProject\system\Model.php(239): CodeIgniter\Database\BaseBuilder->insert()
#5 C:\xampp\htdocs\MyProject\system\BaseModel.php(738): CodeIgniter\Model->doInsert(Array)
#6 C:\xampp\htdocs\MyProject\system\Model.php(625): CodeIgniter\BaseModel->insert(Array, false)
#7 C:\xampp\htdocs\MyProject\system\BaseModel.php(658): CodeIgniter\Model->insert(Array, false)
#8 C:\xampp\htdocs\MyProject\app\Controllers\User.php(58): CodeIgniter\BaseModel->save(Array)
#9 C:\xampp\htdocs\MyProject\system\CodeIgniter.php(832): App\Controllers\User->simpan()
#10 C:\xampp\htdocs\MyProject\system\CodeIgniter.php(419): CodeIgniter\CodeIgniter->runController(Object(App\Controllers\User))
#11 C:\xampp\htdocs\MyProject\system\CodeIgniter.php(326): CodeIgniter\CodeIgniter->handleRequest(NULL, Object(Config\Cache), false)
#12 C:\xampp\htdocs\MyProject\public\index.php(37): CodeIgniter\CodeIgniter->run()
#13 C:\xampp\htdocs\MyProject\system\Commands\Server\rewrite.php(43): require_once('C:\\xampp\\htdocs...')
#14 {main}
CRITICAL - 2022-06-17 19:49:11 --> Deletes are not allowed unless they contain a "where" or "like" clause.
#0 C:\xampp\htdocs\MyProject\system\Model.php(359): CodeIgniter\Database\BaseBuilder->delete()
#1 C:\xampp\htdocs\MyProject\system\BaseModel.php(963): CodeIgniter\Model->doDelete('0', false)
#2 C:\xampp\htdocs\MyProject\app\Controllers\User.php(64): CodeIgniter\BaseModel->delete('0')
#3 C:\xampp\htdocs\MyProject\system\CodeIgniter.php(832): App\Controllers\User->delete('0')
#4 C:\xampp\htdocs\MyProject\system\CodeIgniter.php(419): CodeIgniter\CodeIgniter->runController(Object(App\Controllers\User))
#5 C:\xampp\htdocs\MyProject\system\CodeIgniter.php(326): CodeIgniter\CodeIgniter->handleRequest(NULL, Object(Config\Cache), false)
#6 C:\xampp\htdocs\MyProject\public\index.php(37): CodeIgniter\CodeIgniter->run()
#7 C:\xampp\htdocs\MyProject\system\Commands\Server\rewrite.php(43): require_once('C:\\xampp\\htdocs...')
#8 {main}
ERROR - 2022-06-17 20:58:00 --> Duplicate entry '0' for key 'PRIMARY'
CRITICAL - 2022-06-17 20:58:00 --> Duplicate entry '0' for key 'PRIMARY'
#0 C:\xampp\htdocs\MyProject\system\Database\MySQLi\Connection.php(292): mysqli->query('INSERT INTO `cu...', 0)
#1 C:\xampp\htdocs\MyProject\system\Database\BaseConnection.php(670): CodeIgniter\Database\MySQLi\Connection->execute('INSERT INTO `cu...')
#2 C:\xampp\htdocs\MyProject\system\Database\BaseConnection.php(598): CodeIgniter\Database\BaseConnection->simpleQuery('INSERT INTO `cu...')
#3 C:\xampp\htdocs\MyProject\system\Database\BaseBuilder.php(1771): CodeIgniter\Database\BaseConnection->query('INSERT INTO `cu...', Array, false)
#4 C:\xampp\htdocs\MyProject\system\Model.php(239): CodeIgniter\Database\BaseBuilder->insert()
#5 C:\xampp\htdocs\MyProject\system\BaseModel.php(738): CodeIgniter\Model->doInsert(Array)
#6 C:\xampp\htdocs\MyProject\system\Model.php(625): CodeIgniter\BaseModel->insert(Array, true)
#7 C:\xampp\htdocs\MyProject\app\Controllers\User.php(58): CodeIgniter\Model->insert(Array)
#8 C:\xampp\htdocs\MyProject\system\CodeIgniter.php(832): App\Controllers\User->simpan()
#9 C:\xampp\htdocs\MyProject\system\CodeIgniter.php(419): CodeIgniter\CodeIgniter->runController(Object(App\Controllers\User))
#10 C:\xampp\htdocs\MyProject\system\CodeIgniter.php(326): CodeIgniter\CodeIgniter->handleRequest(NULL, Object(Config\Cache), false)
#11 C:\xampp\htdocs\MyProject\public\index.php(37): CodeIgniter\CodeIgniter->run()
#12 C:\xampp\htdocs\MyProject\system\Commands\Server\rewrite.php(43): require_once('C:\\xampp\\htdocs...')
#13 {main}
CRITICAL - 2022-06-17 21:04:40 --> Array callback must have exactly two elements
#0 C:\xampp\htdocs\MyProject\system\CodeIgniter.php(832): App\Controllers\User->get_edit('0')
#1 C:\xampp\htdocs\MyProject\system\CodeIgniter.php(419): CodeIgniter\CodeIgniter->runController(Object(App\Controllers\User))
#2 C:\xampp\htdocs\MyProject\system\CodeIgniter.php(326): CodeIgniter\CodeIgniter->handleRequest(NULL, Object(Config\Cache), false)
#3 C:\xampp\htdocs\MyProject\public\index.php(37): CodeIgniter\CodeIgniter->run()
#4 C:\xampp\htdocs\MyProject\system\Commands\Server\rewrite.php(43): require_once('C:\\xampp\\htdocs...')
#5 {main}
CRITICAL - 2022-06-17 21:04:43 --> Deletes are not allowed unless they contain a "where" or "like" clause.
#0 C:\xampp\htdocs\MyProject\system\Model.php(359): CodeIgniter\Database\BaseBuilder->delete()
#1 C:\xampp\htdocs\MyProject\system\BaseModel.php(963): CodeIgniter\Model->doDelete('0', false)
#2 C:\xampp\htdocs\MyProject\app\Controllers\User.php(64): CodeIgniter\BaseModel->delete('0')
#3 C:\xampp\htdocs\MyProject\system\CodeIgniter.php(832): App\Controllers\User->delete('0')
#4 C:\xampp\htdocs\MyProject\system\CodeIgniter.php(419): CodeIgniter\CodeIgniter->runController(Object(App\Controllers\User))
#5 C:\xampp\htdocs\MyProject\system\CodeIgniter.php(326): CodeIgniter\CodeIgniter->handleRequest(NULL, Object(Config\Cache), false)
#6 C:\xampp\htdocs\MyProject\public\index.php(37): CodeIgniter\CodeIgniter->run()
#7 C:\xampp\htdocs\MyProject\system\Commands\Server\rewrite.php(43): require_once('C:\\xampp\\htdocs...')
#8 {main}
ERROR - 2022-06-17 21:35:35 --> Duplicate entry '0' for key 'PRIMARY'
CRITICAL - 2022-06-17 21:35:35 --> Duplicate entry '0' for key 'PRIMARY'
#0 C:\xampp\htdocs\MyProject\system\Database\MySQLi\Connection.php(292): mysqli->query('INSERT INTO `cu...', 0)
#1 C:\xampp\htdocs\MyProject\system\Database\BaseConnection.php(670): CodeIgniter\Database\MySQLi\Connection->execute('INSERT INTO `cu...')
#2 C:\xampp\htdocs\MyProject\system\Database\BaseConnection.php(598): CodeIgniter\Database\BaseConnection->simpleQuery('INSERT INTO `cu...')
#3 C:\xampp\htdocs\MyProject\system\Database\BaseBuilder.php(1771): CodeIgniter\Database\BaseConnection->query('INSERT INTO `cu...', Array, false)
#4 C:\xampp\htdocs\MyProject\system\Model.php(239): CodeIgniter\Database\BaseBuilder->insert()
#5 C:\xampp\htdocs\MyProject\system\BaseModel.php(738): CodeIgniter\Model->doInsert(Array)
#6 C:\xampp\htdocs\MyProject\system\Model.php(625): CodeIgniter\BaseModel->insert(Array, true)
#7 C:\xampp\htdocs\MyProject\app\Controllers\User.php(58): CodeIgniter\Model->insert(Array)
#8 C:\xampp\htdocs\MyProject\system\CodeIgniter.php(832): App\Controllers\User->simpan()
#9 C:\xampp\htdocs\MyProject\system\CodeIgniter.php(419): CodeIgniter\CodeIgniter->runController(Object(App\Controllers\User))
#10 C:\xampp\htdocs\MyProject\system\CodeIgniter.php(326): CodeIgniter\CodeIgniter->handleRequest(NULL, Object(Config\Cache), false)
#11 C:\xampp\htdocs\MyProject\public\index.php(37): CodeIgniter\CodeIgniter->run()
#12 C:\xampp\htdocs\MyProject\system\Commands\Server\rewrite.php(43): require_once('C:\\xampp\\htdocs...')
#13 {main}
ERROR - 2022-06-17 21:39:30 --> Duplicate entry '0' for key 'PRIMARY'
CRITICAL - 2022-06-17 21:39:30 --> Duplicate entry '0' for key 'PRIMARY'
#0 C:\xampp\htdocs\MyProject\system\Database\MySQLi\Connection.php(292): mysqli->query('INSERT INTO `cu...', 0)
#1 C:\xampp\htdocs\MyProject\system\Database\BaseConnection.php(670): CodeIgniter\Database\MySQLi\Connection->execute('INSERT INTO `cu...')
#2 C:\xampp\htdocs\MyProject\system\Database\BaseConnection.php(598): CodeIgniter\Database\BaseConnection->simpleQuery('INSERT INTO `cu...')
#3 C:\xampp\htdocs\MyProject\system\Database\BaseBuilder.php(1771): CodeIgniter\Database\BaseConnection->query('INSERT INTO `cu...', Array, false)
#4 C:\xampp\htdocs\MyProject\system\Model.php(239): CodeIgniter\Database\BaseBuilder->insert()
#5 C:\xampp\htdocs\MyProject\system\BaseModel.php(738): CodeIgniter\Model->doInsert(Array)
#6 C:\xampp\htdocs\MyProject\system\Model.php(625): CodeIgniter\BaseModel->insert(Array, true)
#7 C:\xampp\htdocs\MyProject\app\Controllers\User.php(58): CodeIgniter\Model->insert(Array)
#8 C:\xampp\htdocs\MyProject\system\CodeIgniter.php(832): App\Controllers\User->simpan()
#9 C:\xampp\htdocs\MyProject\system\CodeIgniter.php(419): CodeIgniter\CodeIgniter->runController(Object(App\Controllers\User))
#10 C:\xampp\htdocs\MyProject\system\CodeIgniter.php(326): CodeIgniter\CodeIgniter->handleRequest(NULL, Object(Config\Cache), false)
#11 C:\xampp\htdocs\MyProject\public\index.php(37): CodeIgniter\CodeIgniter->run()
#12 C:\xampp\htdocs\MyProject\system\Commands\Server\rewrite.php(43): require_once('C:\\xampp\\htdocs...')
#13 {main}
CRITICAL - 2022-06-17 21:54:52 --> Array callback must have exactly two elements
#0 C:\xampp\htdocs\MyProject\system\CodeIgniter.php(832): App\Controllers\User->get_edit('2')
#1 C:\xampp\htdocs\MyProject\system\CodeIgniter.php(419): CodeIgniter\CodeIgniter->runController(Object(App\Controllers\User))
#2 C:\xampp\htdocs\MyProject\system\CodeIgniter.php(326): CodeIgniter\CodeIgniter->handleRequest(NULL, Object(Config\Cache), false)
#3 C:\xampp\htdocs\MyProject\public\index.php(37): CodeIgniter\CodeIgniter->run()
#4 C:\xampp\htdocs\MyProject\system\Commands\Server\rewrite.php(43): require_once('C:\\xampp\\htdocs...')
#5 {main}
CRITICAL - 2022-06-17 22:01:22 --> Array callback must have exactly two elements
#0 C:\xampp\htdocs\MyProject\system\CodeIgniter.php(832): App\Controllers\User->get_edit('2')
#1 C:\xampp\htdocs\MyProject\system\CodeIgniter.php(419): CodeIgniter\CodeIgniter->runController(Object(App\Controllers\User))
#2 C:\xampp\htdocs\MyProject\system\CodeIgniter.php(326): CodeIgniter\CodeIgniter->handleRequest(NULL, Object(Config\Cache), false)
#3 C:\xampp\htdocs\MyProject\public\index.php(37): CodeIgniter\CodeIgniter->run()
#4 C:\xampp\htdocs\MyProject\system\Commands\Server\rewrite.php(43): require_once('C:\\xampp\\htdocs...')
#5 {main}
CRITICAL - 2022-06-17 22:11:14 --> Array callback must have exactly two elements
#0 C:\xampp\htdocs\MyProject\system\CodeIgniter.php(832): App\Controllers\User->get_edit('2')
#1 C:\xampp\htdocs\MyProject\system\CodeIgniter.php(419): CodeIgniter\CodeIgniter->runController(Object(App\Controllers\User))
#2 C:\xampp\htdocs\MyProject\system\CodeIgniter.php(326): CodeIgniter\CodeIgniter->handleRequest(NULL, Object(Config\Cache), false)
#3 C:\xampp\htdocs\MyProject\public\index.php(37): CodeIgniter\CodeIgniter->run()
#4 C:\xampp\htdocs\MyProject\system\Commands\Server\rewrite.php(43): require_once('C:\\xampp\\htdocs...')
#5 {main}
CRITICAL - 2022-06-17 22:20:33 --> Array callback must have exactly two elements
#0 C:\xampp\htdocs\MyProject\system\CodeIgniter.php(832): App\Controllers\User->get_edit('2')
#1 C:\xampp\htdocs\MyProject\system\CodeIgniter.php(419): CodeIgniter\CodeIgniter->runController(Object(App\Controllers\User))
#2 C:\xampp\htdocs\MyProject\system\CodeIgniter.php(326): CodeIgniter\CodeIgniter->handleRequest(NULL, Object(Config\Cache), false)
#3 C:\xampp\htdocs\MyProject\public\index.php(37): CodeIgniter\CodeIgniter->run()
#4 C:\xampp\htdocs\MyProject\system\Commands\Server\rewrite.php(43): require_once('C:\\xampp\\htdocs...')
#5 {main}
CRITICAL - 2022-06-17 22:22:01 --> Array callback must have exactly two elements
#0 C:\xampp\htdocs\MyProject\system\CodeIgniter.php(832): App\Controllers\User->get_edit('2')
#1 C:\xampp\htdocs\MyProject\system\CodeIgniter.php(419): CodeIgniter\CodeIgniter->runController(Object(App\Controllers\User))
#2 C:\xampp\htdocs\MyProject\system\CodeIgniter.php(326): CodeIgniter\CodeIgniter->handleRequest(NULL, Object(Config\Cache), false)
#3 C:\xampp\htdocs\MyProject\public\index.php(37): CodeIgniter\CodeIgniter->run()
#4 C:\xampp\htdocs\MyProject\system\Commands\Server\rewrite.php(43): require_once('C:\\xampp\\htdocs...')
#5 {main}
CRITICAL - 2022-06-17 22:23:06 --> Array callback must have exactly two elements
#0 C:\xampp\htdocs\MyProject\system\CodeIgniter.php(832): App\Controllers\User->get_edit('2')
#1 C:\xampp\htdocs\MyProject\system\CodeIgniter.php(419): CodeIgniter\CodeIgniter->runController(Object(App\Controllers\User))
#2 C:\xampp\htdocs\MyProject\system\CodeIgniter.php(326): CodeIgniter\CodeIgniter->handleRequest(NULL, Object(Config\Cache), false)
#3 C:\xampp\htdocs\MyProject\public\index.php(37): CodeIgniter\CodeIgniter->run()
#4 C:\xampp\htdocs\MyProject\system\Commands\Server\rewrite.php(43): require_once('C:\\xampp\\htdocs...')
#5 {main}
CRITICAL - 2022-06-17 22:24:58 --> Array callback must have exactly two elements
#0 C:\xampp\htdocs\MyProject\system\CodeIgniter.php(832): App\Controllers\User->get_edit('2')
#1 C:\xampp\htdocs\MyProject\system\CodeIgniter.php(419): CodeIgniter\CodeIgniter->runController(Object(App\Controllers\User))
#2 C:\xampp\htdocs\MyProject\system\CodeIgniter.php(326): CodeIgniter\CodeIgniter->handleRequest(NULL, Object(Config\Cache), false)
#3 C:\xampp\htdocs\MyProject\public\index.php(37): CodeIgniter\CodeIgniter->run()
#4 C:\xampp\htdocs\MyProject\system\Commands\Server\rewrite.php(43): require_once('C:\\xampp\\htdocs...')
#5 {main}
CRITICAL - 2022-06-17 22:25:26 --> Array callback must have exactly two elements
#0 C:\xampp\htdocs\MyProject\system\CodeIgniter.php(832): App\Controllers\User->get_edit('2')
#1 C:\xampp\htdocs\MyProject\system\CodeIgniter.php(419): CodeIgniter\CodeIgniter->runController(Object(App\Controllers\User))
#2 C:\xampp\htdocs\MyProject\system\CodeIgniter.php(326): CodeIgniter\CodeIgniter->handleRequest(NULL, Object(Config\Cache), false)
#3 C:\xampp\htdocs\MyProject\public\index.php(37): CodeIgniter\CodeIgniter->run()
#4 C:\xampp\htdocs\MyProject\system\Commands\Server\rewrite.php(43): require_once('C:\\xampp\\htdocs...')
#5 {main}
